<?xml version="1.0" encoding="UTF-8"?>
<!-- Generated by org.testng.reporters.JUnitReportReporter -->
<testsuite hostname="DESKTOP-USELQND" failures="0" tests="2" name="tests.TestsExamples" time="8.622" errors="0" timestamp="2022-02-17T19:11:35 IST" skipped="0">
  <testcase classname="tests.TestsExamples" name="test_1" time="5.697"/>
  <system-out/>
  <testcase classname="tests.TestsExamples" name="test_2" time="2.925"/>
  <system-out/>
</testsuite> <!-- tests.TestsExamples -->
