<?xml version="1.0" encoding="UTF-8"?>
<!-- Generated by org.testng.reporters.JUnitReportReporter -->
<testsuite hostname="DESKTOP-USELQND" failures="0" tests="3" name="tests.PutPatchDeleteExamples" time="11.261" errors="0" timestamp="2022-02-17T20:41:40 IST" skipped="0">
  <testcase classname="tests.PutPatchDeleteExamples" name="testPatch" time="3.988"/>
  <system-out/>
  <testcase classname="tests.PutPatchDeleteExamples" name="testPut" time="1.741"/>
  <system-out/>
  <testcase classname="tests.PutPatchDeleteExamples" name="testDelete" time="5.532"/>
  <system-out/>
</testsuite> <!-- tests.PutPatchDeleteExamples -->
