<?xml version="1.0" encoding="UTF-8"?>
<!-- Generated by org.testng.reporters.JUnitReportReporter -->
<testsuite hostname="DESKTOP-USELQND" failures="0" tests="2" name="tests.GetAndPostExamples" time="5.857" errors="0" timestamp="2022-02-17T19:52:43 IST" skipped="0">
  <testcase classname="tests.GetAndPostExamples" name="testPost" time="0.846"/>
  <system-out/>
  <testcase classname="tests.GetAndPostExamples" name="testGet" time="5.011"/>
  <system-out/>
</testsuite> <!-- tests.GetAndPostExamples -->
